<?xml version="1.0" encoding="UTF-8"?>
<testng-results ignored="0" total="1" passed="1" failed="0" skipped="0">
  <reporter-output>
  </reporter-output>
  <suite started-at="2023-02-26T12:04:26 IST" name="Default suite" finished-at="2023-02-26T12:05:41 IST" duration-ms="74342">
    <groups>
    </groups>
    <test started-at="2023-02-26T12:04:26 IST" name="Default test" finished-at="2023-02-26T12:05:41 IST" duration-ms="74342">
      <class name="kwdFramework.EbayTest">
        <test-method signature="SamplTest()[pri:0, instance:kwdFramework.EbayTest@4803b726]" started-at="2023-02-26T12:04:26 IST" name="SamplTest" finished-at="2023-02-26T12:05:41 IST" duration-ms="74311" status="PASS">
          <reporter-output>
          </reporter-output>
        </test-method> <!-- SamplTest -->
      </class> <!-- kwdFramework.EbayTest -->
    </test> <!-- Default test -->
  </suite> <!-- Default suite -->
</testng-results>
